<?xml version="1.0" encoding="UTF-8"?>
<testsuite name="ec.com.account.EseMsaAccountApplicationTests" tests="1" skipped="0" failures="0" errors="0" timestamp="2025-04-22T03:26:29" hostname="DESKTOP-19NDBQM" time="3.55">
  <properties/>
  <testcase name="contextLoads()" classname="ec.com.account.EseMsaAccountApplicationTests" time="3.55"/>
  <system-out><![CDATA[22:26:21.461 [Test worker] INFO org.springframework.test.context.support.AnnotationConfigContextLoaderUtils -- Could not detect default configuration classes for test class [ec.com.account.EseMsaAccountApplicationTests]: EseMsaAccountApplicationTests does not declare any static, non-private, non-final, nested classes annotated with @Configuration.
22:26:21.616 [Test worker] INFO org.springframework.boot.test.context.SpringBootTestContextBootstrapper -- Found @SpringBootConfiguration ec.com.account.EseMsaAccountApplication for test class ec.com.account.EseMsaAccountApplicationTests

  .   ____          _            __ _ _
 /\\ / ___'_ __ _ _(_)_ __  __ _ \ \ \ \
( ( )\___ | '_ | '_| | '_ \/ _` | \ \ \ \
 \\/  ___)| |_)| | | | | || (_| |  ) ) ) )
  '  |____| .__|_| |_|_| |_\__, | / / / /
 =========|_|==============|___/=/_/_/_/

 :: Spring Boot ::               (v3.3.10)

2025-04-21T22:26:22.737-05:00  INFO 9028 --- [ese-msa-accountDF] [    Test worker] e.c.a.EseMsaAccountApplicationTests      : Starting EseMsaAccountApplicationTests using Java 17.0.10 with PID 9028 (started by DiegoLaptop in D:\ProyectosSTS4.21.1\ese-msa-account)
2025-04-21T22:26:22.740-05:00  INFO 9028 --- [ese-msa-accountDF] [    Test worker] e.c.a.EseMsaAccountApplicationTests      : No active profile set, falling back to 1 default profile: "default"
2025-04-21T22:26:25.764-05:00  INFO 9028 --- [ese-msa-accountDF] [    Test worker] o.s.cloud.context.scope.GenericScope     : BeanFactory id=ff27ce98-6038-3b5e-a7d4-6616808c5d7a
2025-04-21T22:26:29.087-05:00  INFO 9028 --- [ese-msa-accountDF] [    Test worker] o.s.b.a.e.web.EndpointLinksResolver      : Exposing 1 endpoint beneath base path '/actuator'
2025-04-21T22:26:29.430-05:00  INFO 9028 --- [ese-msa-accountDF] [    Test worker] e.c.a.EseMsaAccountApplicationTests      : Started EseMsaAccountApplicationTests in 7.466 seconds (process running for 9.386)
]]></system-out>
  <system-err><![CDATA[]]></system-err>
</testsuite>
